<?xml version="1.0" encoding="UTF-8"?>
<!-- Generated by org.testng.reporters.JUnitReportReporter -->
<testsuite hostname="EC2AMAZ-S11DBRH" failures="0" tests="1" name="testScript.GooglePageTest" time="7.578" errors="0" timestamp="2023-07-18T06:52:57 GMT" skipped="0">
  <testcase classname="testScript.GooglePageTest" name="javaSearch" time="7.578"/>
  <system-out/>
</testsuite> <!-- testScript.GooglePageTest -->
